STEP:  0
loss: 0.5023738120466189
loss: 0.4985663932454731
loss: 0.47901196020146203
loss: 0.44633490395179226
loss: 0.3540631027261268
loss: 0.20507018018165307
loss: 1.3960544675936233
loss: 0.0324944216092844
loss: 0.029934878972933898
loss: 0.028326823118628327
loss: 0.02683061575789474
loss: 0.023771207077302268
loss: 0.01890142131509986
loss: 0.010646824595743743
loss: 0.00872575339792704
loss: 0.007872182058727233
loss: 0.005477843973258165
loss: 0.004051934991144219
loss: 0.002729627050900708
loss: 0.001540269732359125
test loss: 0.0013000894101892885
STEP:  1
loss: 0.001279766394582919
loss: 0.0011690563508990508
loss: 0.0011498925364590545
loss: 0.0011288249265202991
loss: 0.0010630549289508018
loss: 0.0009563977558899686
loss: 0.000821079417776207
loss: 0.0007670824741780307
loss: 0.0007294732960390727
loss: 0.0007246574843767558
loss: 0.000720623223225232
loss: 0.0007126712488192258
loss: 0.000696134727458653
loss: 0.0006641155429858022
loss: 0.0006101283738638069
loss: 0.0005285312572232187
loss: 0.00041273422885215017
loss: 0.0003302206531778704
loss: 0.00031216901261889605
loss: 0.00032349338741544467
test loss: 0.00017005006602138263
STEP:  2
loss: 0.00030530782246220316
loss: 0.00030415050553906845
loss: 0.00030351429723208205
loss: 0.00030276621743039584
loss: 0.000301032008061252
loss: 0.00029743853853632976
loss: 0.0002907556250038919
loss: 0.0002809406522053432
loss: 0.00026821077806477657
loss: 0.00025220278381005715
loss: 0.00023918952177416286
loss: 0.00022589596696013698
loss: 0.00022718148539734056
loss: 0.00020803625211449864
loss: 0.00020052777116930077
loss: 0.0001915077705253223
loss: 0.0001877824791791754
loss: 0.00018118456273176232
loss: 0.00017654822383899148
loss: 0.00016929999895241908
test loss: 6.581389451278546e-05
STEP:  3
loss: 0.0001596454089871496
loss: 0.00015392533727126386
loss: 0.00015169599500775553
loss: 0.0001515105007424449
loss: 0.00015118914851315924
loss: 0.00015107217180869922
loss: 0.00015086189701810134
loss: 0.00015074319072511038
loss: 0.00015061697996727325
loss: 0.00015048849897181664
loss: 0.00015031072772618136
loss: 0.0001500234758384078
loss: 0.00014952091249625466
loss: 0.00014873122469312861
loss: 0.0001471818120826326
loss: 0.00014478289194238885
loss: 0.00014073822336541767
loss: 0.0001322382171801108
loss: 0.00012006753859303759
loss: 0.00010807475083268855
test loss: 4.939438368532327e-05
STEP:  4
loss: 0.00010530505411975404
loss: 9.854286736286368e-05
loss: 9.612525196835122e-05
loss: 9.21132824010369e-05
loss: 8.666054651251667e-05
loss: 8.364259914357954e-05
loss: 7.986642483602352e-05
loss: 7.815959005718162e-05
loss: 7.566095027928501e-05
loss: 7.601183968784247e-05
loss: 7.426578518728659e-05
loss: 7.39504003078629e-05
loss: 7.381223692503465e-05
loss: 7.352003833992378e-05
loss: 7.329674593418944e-05
loss: 7.277816814755399e-05
loss: 7.156691818731469e-05
loss: 6.988497308148554e-05
loss: 6.894775833147299e-05
loss: 6.90528185030159e-05
test loss: 4.151672435348352e-05
STEP:  5
loss: 6.865595187206518e-05
loss: 6.862723265339707e-05
loss: 6.852304362282259e-05
loss: 6.838530455498388e-05
loss: 6.805657518759512e-05
loss: 6.74293799199709e-05
loss: 6.660859645623119e-05
loss: 6.40781934854923e-05
loss: 6.27744840568206e-05
loss: 5.895000789743965e-05
loss: 5.465962369616961e-05
loss: 0.00020071022575254727
loss: 0.0001797000373642837
loss: 0.6169572673326597
loss: 0.0032832430668764336
loss: 5.65807783430588
loss: 0.7933691397215222
loss: 10.714846398467346
loss: 1.264744054747155
loss: 114.88564455039919
test loss: 57.49059478856647
STEP:  6
loss: 57.07106735690944
loss: 1.3019118130831138
loss: 146.64153278455058
loss: 6.7172027619586885
loss: 4.578338417431668
loss: 0.5516542821032773
loss: 0.32356309579899745
loss: 0.23030484394185147
loss: 0.18836093965338466
loss: 0.07773730635103156
loss: 0.05098738445976217
loss: 0.04629497240283401
loss: 0.041383182494056044
loss: 0.030541833849482364
loss: 0.022601807622659766
loss: 0.017982940404040082
loss: 0.013755448857714543
loss: 0.011086075101113294
loss: 0.007289785022813329
loss: 0.00650033000684261
test loss: 0.005039541574941039
STEP:  7
loss: 0.005163177926462253
loss: 0.00465736321611067
loss: 0.004463162702030876
loss: 0.004357910911415473
loss: 0.004225270924598538
loss: 0.004039054942737534
loss: 0.0038229572254315043
loss: 0.003627623424430424
loss: 0.0033125381739384876
loss: 0.00290570925799051
loss: 0.0027301526391482387
loss: 0.0026071557723156102
loss: 0.002484474404996694
loss: 0.002360250031176371
loss: 0.0023065134454067575
loss: 0.0022716999505035407
loss: 0.0022389264762179436
loss: 0.0021876649518387313
loss: 0.0020766702186855337
loss: 0.0019720676652185817
test loss: 0.0017473876714220289
STEP:  8
loss: 0.001857831883387853
loss: 0.0017513648594774216
loss: 0.0016480616159675545
loss: 0.0015963271685433794
loss: 0.0015169288207842672
loss: 0.001221796441800563
loss: 0.0010212207569711624
loss: 0.0009370324409802255
loss: 0.000889682810246674
loss: 0.0008735779524917178
loss: 0.0008640548367017392
loss: 0.0008575201329016125
loss: 0.0008315821603074147
loss: 0.0008093690382284186
loss: 0.000785143640316636
loss: 0.0007635304309144414
loss: 0.0007491849063382474
loss: 0.0007306869298799117
loss: 0.0007057857704008007
loss: 0.0006655923707464188
test loss: 0.0004502904247423959
STEP:  9
loss: 0.0006156784830360371
loss: 0.0005749823418278145
loss: 0.0005451351018373302
loss: 0.000522678128385038
loss: 0.0005097573792390602
loss: 0.0004857365129659681
loss: 0.00045713950811171407
loss: 0.00040746157500471135
loss: 0.00037724201261043344
loss: 0.00036178337910124244
loss: 0.0003502362138720749
loss: 0.00034264224779428313
loss: 0.0003341668767481634
loss: 0.0003230972390674286
loss: 0.0003056444392053365
loss: 0.00029008299605185085
loss: 0.00027936629529653676
loss: 0.0002715753892034148
loss: 0.00026634817920727735
loss: 0.0002614561234024017
test loss: 0.00024556264561025125
STEP:  10
loss: 0.0002560649260292897
loss: 0.00024979698855693655
loss: 0.00024282321568688705
loss: 0.00023668605742854172
loss: 0.0002272742740834923
loss: 0.00021449946154334556
loss: 0.00019859933991369592
loss: 0.00018577056222768813
loss: 0.00018021594074459053
loss: 0.00017795437139560917
loss: 0.00017619311344004119
loss: 0.0001738855837329628
loss: 0.00016602892564556
loss: 0.0001589009999592965
loss: 0.00015110693982094595
loss: 0.00014578590421792834
loss: 0.00014395232477155894
loss: 0.00014288719100507926
loss: 0.0001418734145142976
loss: 0.0001405260312295403
test loss: 0.00015396970605492013
STEP:  11
loss: 0.00013815380182089063
loss: 0.00012751201044169233
loss: 0.00011954513392596493
loss: 0.00011566359147431138
loss: 0.00011441029863735434
loss: 0.00011379993353071696
loss: 0.00011348485872741414
loss: 0.00011297522849375013
loss: 0.00011232130339305085
loss: 0.00011138604218901215
loss: 0.00010975270132649653
loss: 0.00010674528829668622
loss: 0.00010211116814368695
loss: 9.72864148044981e-05
loss: 9.451015047255073e-05
loss: 9.297332361488212e-05
loss: 9.171605685225362e-05
loss: 8.947030870707592e-05
loss: 8.737143917295847e-05
loss: 8.457999419502912e-05
test loss: 9.690395144858714e-05
STEP:  12
loss: 8.101157843676724e-05
loss: 7.694841541031637e-05
loss: 7.759303058730443e-05
loss: 7.210738192223919e-05
loss: 7.079737130451856e-05
loss: 6.99883772201373e-05
loss: 6.957360690652335e-05
loss: 6.931731807102922e-05
loss: 6.900025766254809e-05
loss: 6.860444413276625e-05
loss: 6.787107856764966e-05
loss: 6.655033267379036e-05
loss: 6.435963395933338e-05
loss: 6.199366224924671e-05
loss: 6.0490860512527335e-05
loss: 5.982674763077929e-05
loss: 5.9470735830238685e-05
loss: 5.924631891360565e-05
loss: 5.9013458111920454e-05
loss: 5.894928851703041e-05
test loss: 7.525182434942371e-05
STEP:  13
loss: 5.8853725914725175e-05
loss: 5.868212657635781e-05
loss: 5.819753366482334e-05
loss: 5.727211931579404e-05
loss: 5.580585252194486e-05
loss: 5.3883365451744007e-05
loss: 5.146318230094771e-05
loss: 4.922387060968748e-05
loss: 4.765600903522313e-05
loss: 4.680130063713196e-05
loss: 4.6078689163278726e-05
loss: 4.5173688594857156e-05
loss: 4.3903706297716164e-05
loss: 4.307839930850903e-05
loss: 4.237843051879711e-05
loss: 4.17401686801562e-05
loss: 4.104671929628508e-05
loss: 3.931239577885419e-05
loss: 3.738617315124056e-05
loss: 3.5102829362881374e-05
test loss: 4.534172133500591e-05
STEP:  14
loss: 3.3360301660560984e-05
loss: 3.231254933236389e-05
loss: 3.117256886144067e-05
loss: 3.06486227125572e-05
loss: 3.0328581565475504e-05
loss: 3.011948166918778e-05
loss: 2.9943133225907168e-05
loss: 2.9808983956982417e-05
loss: 2.9552363326108986e-05
loss: 2.9376920203241142e-05
loss: 2.9801891111258356e-05
loss: 2.9172387532924775e-05
loss: 2.908704944421505e-05
loss: 2.9016095374661637e-05
loss: 2.893983035113187e-05
loss: 2.878894246464979e-05
loss: 2.861935365848471e-05
loss: 2.839267158929039e-05
loss: 3.219440909203242e-05
loss: 2.8144561325105372e-05
test loss: 3.9299795323011846e-05
