--sliding_windows-OutPut-->> Array --x------- [[[0.01544402]
  [0.02702703]
  [0.05405405]
  [0.04826255]]

 [[0.02702703]
  [0.05405405]
  [0.04826255]
  [0.03281853]]

 [[0.05405405]
  [0.04826255]
  [0.03281853]
  [0.05984556]]

 [[0.04826255]
  [0.03281853]
  [0.05984556]
  [0.08494208]]

 [[0.03281853]
  [0.05984556]
  [0.08494208]
  [0.08494208]]

 [[0.05984556]
  [0.08494208]
  [0.08494208]
  [0.06177606]]

 [[0.08494208]
  [0.08494208]
  [0.06177606]
  [0.02895753]]

 [[0.08494208]
  [0.06177606]
  [0.02895753]
  [0.        ]]

 [[0.06177606]
  [0.02895753]
  [0.        ]
  [0.02702703]]

 [[0.02895753]
  [0.        ]
  [0.02702703]
  [0.02123552]]

 [[0.        ]
  [0.02702703]
  [0.02123552]
  [0.04247104]]

 [[0.02702703]
  [0.02123552]
  [0.04247104]
  [0.07142857]]

 [[0.02123552]
  [0.04247104]
  [0.07142857]
  [0.05984556]]

 [[0.04247104]
  [0.07142857]
  [0.05984556]
  [0.04054054]]

 [[0.07142857]
  [0.05984556]
  [0.04054054]
  [0.08687259]]

 [[0.05984556]
  [0.04054054]
  [0.08687259]
  [0.12741313]]

 [[0.04054054]
  [0.08687259]
  [0.12741313]
  [0.12741313]]

 [[0.08687259]
  [0.12741313]
  [0.12741313]
  [0.1042471 ]]

 [[0.12741313]
  [0.12741313]
  [0.1042471 ]
  [0.05598456]]

 [[0.12741313]
  [0.1042471 ]
  [0.05598456]
  [0.01930502]]

 [[0.1042471 ]
  [0.05598456]
  [0.01930502]
  [0.06949807]]

 [[0.05598456]
  [0.01930502]
  [0.06949807]
  [0.07915058]]

 [[0.01930502]
  [0.06949807]
  [0.07915058]
  [0.08880309]]

 [[0.06949807]
  [0.07915058]
  [0.08880309]
  [0.14285714]]

 [[0.07915058]
  [0.08880309]
  [0.14285714]
  [0.11389961]]

 [[0.08880309]
  [0.14285714]
  [0.11389961]
  [0.13127413]]

 [[0.14285714]
  [0.11389961]
  [0.13127413]
  [0.14285714]]

 [[0.11389961]
  [0.13127413]
  [0.14285714]
  [0.18339768]]

 [[0.13127413]
  [0.14285714]
  [0.18339768]
  [0.18339768]]

 [[0.14285714]
  [0.18339768]
  [0.18339768]
  [0.15444015]]

 [[0.18339768]
  [0.18339768]
  [0.15444015]
  [0.11196911]]

 [[0.18339768]
  [0.15444015]
  [0.11196911]
  [0.08108108]]

 [[0.15444015]
  [0.11196911]
  [0.08108108]
  [0.11969112]]

 [[0.11196911]
  [0.08108108]
  [0.11969112]
  [0.12934363]]

 [[0.08108108]
  [0.11969112]
  [0.12934363]
  [0.14671815]]

 [[0.11969112]
  [0.12934363]
  [0.14671815]
  [0.17181467]]

 [[0.12934363]
  [0.14671815]
  [0.17181467]
  [0.14864865]]

 [[0.14671815]
  [0.17181467]
  [0.14864865]
  [0.15250965]]

 [[0.17181467]
  [0.14864865]
  [0.15250965]
  [0.22007722]]

 [[0.14864865]
  [0.15250965]
  [0.22007722]
  [0.24324324]]

 [[0.15250965]
  [0.22007722]
  [0.24324324]
  [0.26640927]]

 [[0.22007722]
  [0.24324324]
  [0.26640927]
  [0.2027027 ]]

 [[0.24324324]
  [0.26640927]
  [0.2027027 ]
  [0.16795367]]

 [[0.26640927]
  [0.2027027 ]
  [0.16795367]
  [0.13127413]]

 [[0.2027027 ]
  [0.16795367]
  [0.13127413]
  [0.17374517]]

 [[0.16795367]
  [0.13127413]
  [0.17374517]
  [0.17760618]]

 [[0.13127413]
  [0.17374517]
  [0.17760618]
  [0.17760618]]

 [[0.17374517]
  [0.17760618]
  [0.17760618]
  [0.25482625]]

 [[0.17760618]
  [0.17760618]
  [0.25482625]
  [0.25289575]]

 [[0.17760618]
  [0.25482625]
  [0.25289575]
  [0.24131274]]

 [[0.25482625]
  [0.25289575]
  [0.24131274]
  [0.26833977]]

 [[0.25289575]
  [0.24131274]
  [0.26833977]
  [0.30888031]]

 [[0.24131274]
  [0.26833977]
  [0.30888031]
  [0.32432432]]

 [[0.26833977]
  [0.30888031]
  [0.32432432]
  [0.25675676]]

 [[0.30888031]
  [0.32432432]
  [0.25675676]
  [0.20656371]]

 [[0.32432432]
  [0.25675676]
  [0.20656371]
  [0.14671815]]

 [[0.25675676]
  [0.20656371]
  [0.14671815]
  [0.18725869]]

 [[0.20656371]
  [0.14671815]
  [0.18725869]
  [0.19305019]]

 [[0.14671815]
  [0.18725869]
  [0.19305019]
  [0.16216216]]

 [[0.18725869]
  [0.19305019]
  [0.16216216]
  [0.25289575]]

 [[0.19305019]
  [0.16216216]
  [0.25289575]
  [0.23745174]]

 [[0.16216216]
  [0.25289575]
  [0.23745174]
  [0.25096525]]

 [[0.25289575]
  [0.23745174]
  [0.25096525]
  [0.30888031]]

 [[0.23745174]
  [0.25096525]
  [0.30888031]
  [0.38223938]]

 [[0.25096525]
  [0.30888031]
  [0.38223938]
  [0.36486486]]

 [[0.30888031]
  [0.38223938]
  [0.36486486]
  [0.2992278 ]]

 [[0.38223938]
  [0.36486486]
  [0.2992278 ]
  [0.24131274]]

 [[0.36486486]
  [0.2992278 ]
  [0.24131274]
  [0.19111969]]

 [[0.2992278 ]
  [0.24131274]
  [0.19111969]
  [0.24131274]]

 [[0.24131274]
  [0.19111969]
  [0.24131274]
  [0.26640927]]

 [[0.19111969]
  [0.24131274]
  [0.26640927]
  [0.24903475]]

 [[0.24131274]
  [0.26640927]
  [0.24903475]
  [0.31467181]]

 [[0.26640927]
  [0.24903475]
  [0.31467181]
  [0.31853282]]

 [[0.24903475]
  [0.31467181]
  [0.31853282]
  [0.32046332]]

 [[0.31467181]
  [0.31853282]
  [0.32046332]
  [0.40733591]]

 [[0.31853282]
  [0.32046332]
  [0.40733591]
  [0.5019305 ]]

 [[0.32046332]
  [0.40733591]
  [0.5019305 ]
  [0.46911197]]

 [[0.40733591]
  [0.5019305 ]
  [0.46911197]
  [0.4015444 ]]

 [[0.5019305 ]
  [0.46911197]
  [0.4015444 ]
  [0.32818533]]

 [[0.46911197]
  [0.4015444 ]
  [0.32818533]
  [0.25675676]]

 [[0.4015444 ]
  [0.32818533]
  [0.25675676]
  [0.33590734]]

 [[0.32818533]
  [0.25675676]
  [0.33590734]
  [0.34749035]]

 [[0.25675676]
  [0.33590734]
  [0.34749035]
  [0.33397683]]

 [[0.33590734]
  [0.34749035]
  [0.33397683]
  [0.41119691]]

 [[0.34749035]
  [0.33397683]
  [0.41119691]
  [0.4034749 ]]

 [[0.33397683]
  [0.41119691]
  [0.4034749 ]
  [0.41312741]]

 [[0.41119691]
  [0.4034749 ]
  [0.41312741]
  [0.52123552]]

 [[0.4034749 ]
  [0.41312741]
  [0.52123552]
  [0.5965251 ]]

 [[0.41312741]
  [0.52123552]
  [0.5965251 ]
  [0.58108108]]

 [[0.52123552]
  [0.5965251 ]
  [0.58108108]
  [0.48455598]]

 [[0.5965251 ]
  [0.58108108]
  [0.48455598]
  [0.38996139]]

 [[0.58108108]
  [0.48455598]
  [0.38996139]
  [0.32239382]]

 [[0.48455598]
  [0.38996139]
  [0.32239382]
  [0.38996139]]

 [[0.38996139]
  [0.32239382]
  [0.38996139]
  [0.40733591]]

 [[0.32239382]
  [0.38996139]
  [0.40733591]
  [0.38030888]]

 [[0.38996139]
  [0.40733591]
  [0.38030888]
  [0.48648649]]

 [[0.40733591]
  [0.38030888]
  [0.48648649]
  [0.47104247]]

 [[0.38030888]
  [0.48648649]
  [0.47104247]
  [0.48455598]]

 [[0.48648649]
  [0.47104247]
  [0.48455598]
  [0.61389961]]

 [[0.47104247]
  [0.48455598]
  [0.61389961]
  [0.6969112 ]]

 [[0.48455598]
  [0.61389961]
  [0.6969112 ]
  [0.7007722 ]]

 [[0.61389961]
  [0.6969112 ]
  [0.7007722 ]
  [0.57915058]]

 [[0.6969112 ]
  [0.7007722 ]
  [0.57915058]
  [0.46911197]]

 [[0.7007722 ]
  [0.57915058]
  [0.46911197]
  [0.38803089]]

 [[0.57915058]
  [0.46911197]
  [0.38803089]
  [0.44787645]]

 [[0.46911197]
  [0.38803089]
  [0.44787645]
  [0.45559846]]

 [[0.38803089]
  [0.44787645]
  [0.45559846]
  [0.41312741]]

 [[0.44787645]
  [0.45559846]
  [0.41312741]
  [0.4980695 ]]

 [[0.45559846]
  [0.41312741]
  [0.4980695 ]
  [0.47104247]]

 [[0.41312741]
  [0.4980695 ]
  [0.47104247]
  [0.5       ]]

 [[0.4980695 ]
  [0.47104247]
  [0.5       ]
  [0.63899614]]

 [[0.47104247]
  [0.5       ]
  [0.63899614]
  [0.74710425]]

 [[0.5       ]
  [0.63899614]
  [0.74710425]
  [0.77413127]]

 [[0.63899614]
  [0.74710425]
  [0.77413127]
  [0.57915058]]

 [[0.74710425]
  [0.77413127]
  [0.57915058]
  [0.49227799]]

 [[0.77413127]
  [0.57915058]
  [0.49227799]
  [0.3976834 ]]

 [[0.57915058]
  [0.49227799]
  [0.3976834 ]
  [0.44980695]]

 [[0.49227799]
  [0.3976834 ]
  [0.44980695]
  [0.49420849]]

 [[0.3976834 ]
  [0.44980695]
  [0.49420849]
  [0.45945946]]

 [[0.44980695]
  [0.49420849]
  [0.45945946]
  [0.58301158]]

 [[0.49420849]
  [0.45945946]
  [0.58301158]
  [0.56370656]]

 [[0.45945946]
  [0.58301158]
  [0.56370656]
  [0.61003861]]

 [[0.58301158]
  [0.56370656]
  [0.61003861]
  [0.71042471]]

 [[0.56370656]
  [0.61003861]
  [0.71042471]
  [0.85714286]]

 [[0.61003861]
  [0.71042471]
  [0.85714286]
  [0.87837838]]

 [[0.71042471]
  [0.85714286]
  [0.87837838]
  [0.69305019]]

 [[0.85714286]
  [0.87837838]
  [0.69305019]
  [0.58494208]]

 [[0.87837838]
  [0.69305019]
  [0.58494208]
  [0.4980695 ]]

 [[0.69305019]
  [0.58494208]
  [0.4980695 ]
  [0.58108108]]

 [[0.58494208]
  [0.4980695 ]
  [0.58108108]
  [0.6042471 ]]

 [[0.4980695 ]
  [0.58108108]
  [0.6042471 ]
  [0.55405405]]

 [[0.58108108]
  [0.6042471 ]
  [0.55405405]
  [0.60810811]]

 [[0.6042471 ]
  [0.55405405]
  [0.60810811]
  [0.68918919]]

 [[0.55405405]
  [0.60810811]
  [0.68918919]
  [0.71042471]]

 [[0.60810811]
  [0.68918919]
  [0.71042471]
  [0.83204633]]

 [[0.68918919]
  [0.71042471]
  [0.83204633]
  [1.        ]]

 [[0.71042471]
  [0.83204633]
  [1.        ]
  [0.96911197]]

 [[0.83204633]
  [1.        ]
  [0.96911197]
  [0.77992278]]

 [[1.        ]
  [0.96911197]
  [0.77992278]
  [0.68918919]]]
--sliding_windows-OutPut-->> Array --y------- [[0.03281853]
 [0.05984556]
 [0.08494208]
 [0.08494208]
 [0.06177606]
 [0.02895753]
 [0.        ]
 [0.02702703]
 [0.02123552]
 [0.04247104]
 [0.07142857]
 [0.05984556]
 [0.04054054]
 [0.08687259]
 [0.12741313]
 [0.12741313]
 [0.1042471 ]
 [0.05598456]
 [0.01930502]
 [0.06949807]
 [0.07915058]
 [0.08880309]
 [0.14285714]
 [0.11389961]
 [0.13127413]
 [0.14285714]
 [0.18339768]
 [0.18339768]
 [0.15444015]
 [0.11196911]
 [0.08108108]
 [0.11969112]
 [0.12934363]
 [0.14671815]
 [0.17181467]
 [0.14864865]
 [0.15250965]
 [0.22007722]
 [0.24324324]
 [0.26640927]
 [0.2027027 ]
 [0.16795367]
 [0.13127413]
 [0.17374517]
 [0.17760618]
 [0.17760618]
 [0.25482625]
 [0.25289575]
 [0.24131274]
 [0.26833977]
 [0.30888031]
 [0.32432432]
 [0.25675676]
 [0.20656371]
 [0.14671815]
 [0.18725869]
 [0.19305019]
 [0.16216216]
 [0.25289575]
 [0.23745174]
 [0.25096525]
 [0.30888031]
 [0.38223938]
 [0.36486486]
 [0.2992278 ]
 [0.24131274]
 [0.19111969]
 [0.24131274]
 [0.26640927]
 [0.24903475]
 [0.31467181]
 [0.31853282]
 [0.32046332]
 [0.40733591]
 [0.5019305 ]
 [0.46911197]
 [0.4015444 ]
 [0.32818533]
 [0.25675676]
 [0.33590734]
 [0.34749035]
 [0.33397683]
 [0.41119691]
 [0.4034749 ]
 [0.41312741]
 [0.52123552]
 [0.5965251 ]
 [0.58108108]
 [0.48455598]
 [0.38996139]
 [0.32239382]
 [0.38996139]
 [0.40733591]
 [0.38030888]
 [0.48648649]
 [0.47104247]
 [0.48455598]
 [0.61389961]
 [0.6969112 ]
 [0.7007722 ]
 [0.57915058]
 [0.46911197]
 [0.38803089]
 [0.44787645]
 [0.45559846]
 [0.41312741]
 [0.4980695 ]
 [0.47104247]
 [0.5       ]
 [0.63899614]
 [0.74710425]
 [0.77413127]
 [0.57915058]
 [0.49227799]
 [0.3976834 ]
 [0.44980695]
 [0.49420849]
 [0.45945946]
 [0.58301158]
 [0.56370656]
 [0.61003861]
 [0.71042471]
 [0.85714286]
 [0.87837838]
 [0.69305019]
 [0.58494208]
 [0.4980695 ]
 [0.58108108]
 [0.6042471 ]
 [0.55405405]
 [0.60810811]
 [0.68918919]
 [0.71042471]
 [0.83204633]
 [1.        ]
 [0.96911197]
 [0.77992278]
 [0.68918919]
 [0.55212355]]
----Started ---Training ----------
Epoch: 0, loss: 0.22982
Epoch: 100, loss: 0.01073
Epoch: 200, loss: 0.00291
Epoch: 300, loss: 0.00231
Epoch: 400, loss: 0.00192
Epoch: 500, loss: 0.00176
Epoch: 600, loss: 0.00172
Epoch: 700, loss: 0.00171
Epoch: 800, loss: 0.00170
Epoch: 900, loss: 0.00169
Epoch: 1000, loss: 0.00168
Epoch: 1100, loss: 0.00168
Epoch: 1200, loss: 0.00167
Epoch: 1300, loss: 0.00167
Epoch: 1400, loss: 0.00166
Epoch: 1500, loss: 0.00166
Epoch: 1600, loss: 0.00166
Epoch: 1700, loss: 0.00165
Epoch: 1800, loss: 0.00165
Epoch: 1900, loss: 0.00165
Epoch: 2000, loss: 0.00164
Epoch: 2100, loss: 0.00164
Epoch: 2200, loss: 0.00163
Epoch: 2300, loss: 0.00163
Epoch: 2400, loss: 0.00162
Epoch: 2500, loss: 0.00161
Epoch: 2600, loss: 0.00161
Epoch: 2700, loss: 0.00160
Epoch: 2800, loss: 0.00159
Epoch: 2900, loss: 0.00158
Epoch: 3000, loss: 0.00156
Epoch: 3100, loss: 0.00155
Epoch: 3200, loss: 0.00152
Epoch: 3300, loss: 0.00150
Epoch: 3400, loss: 0.00148
Epoch: 3500, loss: 0.00147
Epoch: 3600, loss: 0.00145
Epoch: 3700, loss: 0.00144
Epoch: 3800, loss: 0.00143
Epoch: 3900, loss: 0.00142
Epoch: 4000, loss: 0.00141
Epoch: 4100, loss: 0.00140
Epoch: 4200, loss: 0.00139
Epoch: 4300, loss: 0.00138
Epoch: 4400, loss: 0.00138
Epoch: 4500, loss: 0.00137
Epoch: 4600, loss: 0.00137
Epoch: 4700, loss: 0.00137
Epoch: 4800, loss: 0.00137
Epoch: 4900, loss: 0.00136
