---x.shape----
 (2, 10)
---x.ndim----
 2
---x[:5]----
 [[    140717770637152     140717770637152                   0
       94448544199648                  40      94448560554704
      140717724569648     140717774449792     140717724507520
                    0]
 [     94448563861400                   0                   0
   244615335456800769                   0          8589936812
   108930815987023872        249108103290 1178254815151521793
  1250313508976132965]]
                                                                                                                        
---x[:1]----
 [[140717770637152 140717770637152               0  94448544199648
               40  94448560554704 140717724569648 140717774449792
  140717724507520               0]]
                                                                                                                        
---x[:2]----
 [[    140717770637152     140717770637152                   0
       94448544199648                  40      94448560554704
      140717724569648     140717774449792     140717724507520
                    0]
 [     94448563861400                   0                   0
   244615335456800769                   0          8589936812
   108930815987023872        249108103290 1178254815151521793
  1250313508976132965]]
                                                                                                                        
---x[:-10]----
 []
---data.shape----
 (2, 10)
---data[:5]----
 [[ 0.10819513  0.05837414  0.00840725 -0.04158066 -0.09146464 -0.14112001
  -0.19042265 -0.23924933 -0.28747801 -0.33498815]
 [-0.38941834 -0.34289781 -0.29552021 -0.24740396 -0.19866933 -0.14943813
  -0.09983342 -0.04997917  0.          0.04997917]]
---data[:-10]----
 []
------type(data)---- <class 'numpy.ndarray'>
