---data.shape----
 (100, 1000)
---data----
 [[ 0.10819513  0.05837414  0.00840725 ...  0.50025202  0.45635088
   0.4113091 ]
 [-0.38941834 -0.34289781 -0.29552021 ... -0.72805642 -0.69288495
  -0.65598164]
 [-0.23924933 -0.28747801 -0.33498815 ...  0.17301479  0.12357312
   0.07382259]
 [-0.9612752  -0.97384763 -0.98398595 ... -0.76825466 -0.79928843
  -0.82832438]
 [-0.24740396 -0.19866933 -0.14943813 ... -0.61743871 -0.57735251
  -0.53582323]]
---data----
 [[ 0.10819513  0.05837414  0.00840725 ...  0.50025202  0.45635088
   0.4113091 ]
 [-0.38941834 -0.34289781 -0.29552021 ... -0.72805642 -0.69288495
  -0.65598164]
 [-0.23924933 -0.28747801 -0.33498815 ...  0.17301479  0.12357312
   0.07382259]
 ...
 [-0.75128041 -0.71735609 -0.68163876 ... -0.95375265 -0.93753734
  -0.91897868]
 [-0.2555411  -0.30354151 -0.35078323 ...  0.15643     0.10687062
   0.05704413]
 [-0.35078323 -0.39714817 -0.44252044 ...  0.05704413  0.00707505
  -0.04291171]]
------type(data)---- <class 'numpy.ndarray'>
